<?xml version="1.0" encoding="UTF-8"?>
<!-- Generated by org.testng.reporters.JUnitReportReporter -->
<testsuite hostname="Rashmis-MacBook-Pro.local" failures="0" tests="4" name="homework.Homework2" time="3.348" errors="0" timestamp="2022-10-16T10:39:28 CDT" skipped="0">
  <testcase classname="homework.Homework2" name="loginApplication" time="0.951"/>
  <system-out/>
  <testcase classname="homework.Homework2" name="openTransactions" time="0.241"/>
  <system-out/>
  <testcase classname="homework.Homework2" name="openNewDeposit" time="0.479"/>
  <system-out/>
  <testcase classname="homework.Homework2" name="fillFormForDeposit" time="1.677"/>
  <system-out/>
</testsuite> <!-- homework.Homework2 -->
