<?xml version="1.0" encoding="UTF-8"?>
<!-- Generated by org.testng.reporters.JUnitReportReporter -->
<testsuite hostname="Rashmis-MacBook-Pro.local" failures="0" tests="2" name="test.NewDepositTest" time="6.976" errors="0" timestamp="2022-10-21T13:13:31 CDT" skipped="0">
  <testcase classname="test.NewDepositTest" name="validUserShouldBeAbleToLogin" time="4.610"/>
  <system-out/>
  <testcase classname="test.NewDepositTest" name="createNewDeposit" time="2.366"/>
  <system-out/>
</testsuite> <!-- test.NewDepositTest -->
