<?xml version="1.0" encoding="UTF-8"?>
<!-- Generated by org.testng.reporters.JUnitReportReporter -->
<testsuite skipped="0" hostname="Rashmis-MacBook-Pro.local" name="com.learning.TestNGProject.TestNgAnnotations" tests="2" failures="0" timestamp="2022-10-13T12:29:53 CDT" time="0.010" errors="0">
  <testcase name="f2" time="0.002" classname="com.learning.TestNGProject.TestNgAnnotations"/>
  <system-out/>
  <testcase name="f1" time="0.008" classname="com.learning.TestNGProject.TestNgAnnotations"/>
  <system-out/>
</testsuite> <!-- com.learning.TestNGProject.TestNgAnnotations -->
