<?xml version="1.0" encoding="UTF-8"?>
<!-- Generated by org.testng.reporters.JUnitReportReporter -->
<testsuite hostname="Rashmis-MacBook-Pro.local" failures="0" tests="2" name="test.NewAccountTest" time="10.694" errors="0" timestamp="2022-10-20T08:09:14 CDT" skipped="0">
  <testcase classname="test.NewAccountTest" name="validUserShouldBeAbleToLogin" time="4.743"/>
  <system-out/>
  <testcase classname="test.NewAccountTest" name="createNewAccount" time="5.951"/>
  <system-out/>
</testsuite> <!-- test.NewAccountTest -->
