<?xml version="1.0" encoding="UTF-8"?>
<!-- Generated by org.testng.reporters.JUnitReportReporter -->
<testsuite hostname="Rashmis-MacBook-Pro.local" failures="0" tests="2" name="test.DashBoardTest" time="4.288" errors="0" timestamp="2022-10-17T15:57:05 CDT" skipped="0">
  <testcase classname="test.DashBoardTest" name="validUserShouldBeAbleToLogin" time="3.725"/>
  <system-out/>
  <testcase classname="test.DashBoardTest" name="checkDashboardLaunch" time="0.563"/>
  <system-out/>
</testsuite> <!-- test.DashBoardTest -->
