<?xml version="1.0" encoding="UTF-8"?>
<!-- Generated by org.testng.reporters.JUnitReportReporter -->
<testsuite hostname="Rashmis-MacBook-Pro.local" failures="0" tests="2" name="test.NewAccountTest" time="12.766" errors="0" timestamp="2022-10-20T08:14:31 CDT" skipped="0">
  <testcase classname="test.NewAccountTest" name="validUserShouldBeAbleToLogin" time="4.639"/>
  <system-out/>
  <testcase classname="test.NewAccountTest" name="createNewAccount" time="8.127"/>
  <system-out/>
</testsuite> <!-- test.NewAccountTest -->
