<?xml version="1.0" encoding="UTF-8"?>
<!-- Generated by org.testng.reporters.JUnitReportReporter -->
<testsuite hostname="Rashmis-MacBook-Pro.local" failures="0" tests="3" name="test.NewCustomerTest" time="8.984" errors="0" timestamp="2022-10-17T18:04:14 CDT" skipped="0">
  <testcase classname="test.NewCustomerTest" name="validUserShouldBeAbleToLogin" time="3.649"/>
  <system-out/>
  <testcase classname="test.NewCustomerTest" name="checkDashboardLaunch" time="0.841"/>
  <system-out/>
  <testcase classname="test.NewCustomerTest" name="checkNewCustomerCreation" time="4.494"/>
  <system-out/>
</testsuite> <!-- test.NewCustomerTest -->
