<?xml version="1.0" encoding="UTF-8"?>
<!-- Generated by org.testng.reporters.JUnitReportReporter -->
<testsuite hostname="Rashmis-MacBook-Pro.local" failures="0" tests="1" name="test.LoginTest" time="3.120" errors="0" timestamp="2022-10-17T11:51:03 CDT" skipped="0">
  <testcase classname="test.LoginTest" name="validUserShouldBeAbleToLogin" time="3.120"/>
  <system-out/>
</testsuite> <!-- test.LoginTest -->
